My project/Library/Bee/Android/Prj/Mono2x/Gradle/unityLibrary/build/intermediates/manifest_merge_blame_file/debug/manifest-merger-blame-debug-report.txt
1<?xml version="1.0" encoding="utf-8"?>
2<manifest xmlns:android="http://schemas.android.com/apk/res/android"
3    xmlns:tools="http://schemas.android.com/tools"
4    package="com.unity3d.player" >
5
6    <uses-sdk
7        android:minSdkVersion="24"
7-->src/main/AndroidManifest.xml
8        android:targetSdkVersion="33" />
8-->src/main/AndroidManifest.xml
9
10    <uses-permission android:name="android.permission.CAMERA" />
10-->src/main/AndroidManifest.xml:3:3-63
10-->src/main/AndroidManifest.xml:3:20-60
11    <uses-permission android:name="android.permission.ACCESS_FINE_LOCATION" />
11-->src/main/AndroidManifest.xml:4:3-77
11-->src/main/AndroidManifest.xml:4:20-74
12    <uses-permission android:name="android.permission.ACCESS_COARSE_LOCATION" />
12-->src/main/AndroidManifest.xml:5:3-79
12-->src/main/AndroidManifest.xml:5:20-76
13    <uses-permission android:name="android.permission.INTERNET" />
13-->src/main/AndroidManifest.xml:6:3-65
13-->src/main/AndroidManifest.xml:6:20-62
14
15    <uses-feature
15-->src/main/AndroidManifest.xml:7:3-85
16        android:name="android.hardware.camera.ar"
16-->src/main/AndroidManifest.xml:7:17-58
17        android:required="true" />
17-->src/main/AndroidManifest.xml:7:59-82
18    <uses-feature android:name="android.hardware.camera" />
18-->src/main/AndroidManifest.xml:8:3-58
18-->src/main/AndroidManifest.xml:8:17-55
19    <uses-feature android:name="android.hardware.camera.autofocus" />
19-->src/main/AndroidManifest.xml:9:3-68
19-->src/main/AndroidManifest.xml:9:17-65
20    <uses-feature android:glEsVersion="0x00030000" />
20-->src/main/AndroidManifest.xml:10:3-52
20-->src/main/AndroidManifest.xml:10:17-49
21    <uses-feature
21-->src/main/AndroidManifest.xml:11:3-88
22        android:name="android.hardware.touchscreen"
22-->src/main/AndroidManifest.xml:11:17-60
23        android:required="false" />
23-->src/main/AndroidManifest.xml:11:61-85
24    <uses-feature
24-->src/main/AndroidManifest.xml:12:3-99
25        android:name="android.hardware.touchscreen.multitouch"
25-->src/main/AndroidManifest.xml:12:17-71
26        android:required="false" />
26-->src/main/AndroidManifest.xml:12:72-96
27    <uses-feature
27-->src/main/AndroidManifest.xml:13:3-108
28        android:name="android.hardware.touchscreen.multitouch.distinct"
28-->src/main/AndroidManifest.xml:13:17-80
29        android:required="false" />
29-->src/main/AndroidManifest.xml:13:81-105
30    <uses-feature
30-->src/main/AndroidManifest.xml:31:3-83
31        android:name="com.google.ar.core.depth"
31-->src/main/AndroidManifest.xml:31:17-56
32        android:required="true" />
32-->src/main/AndroidManifest.xml:31:57-80
33
34    <application
34-->src/main/AndroidManifest.xml:14:3-30:17
35        android:allowBackup="true"
35-->src/main/AndroidManifest.xml:14:16-42
36        android:extractNativeLibs="true"
36-->src/main/AndroidManifest.xml:14:283-315
37        android:icon="@mipmap/ic_launcher"
37-->src/main/AndroidManifest.xml:14:43-77
38        android:label="@string/app_name"
38-->src/main/AndroidManifest.xml:14:78-110
39        android:roundIcon="@mipmap/ic_launcher_round"
39-->src/main/AndroidManifest.xml:14:111-156
40        android:supportsRtl="true"
40-->src/main/AndroidManifest.xml:14:157-183
41        android:theme="@style/UnityThemeSelector"
41-->src/main/AndroidManifest.xml:14:184-225
42        tools:replace="android:icon,android:theme,android:label" >
42-->src/main/AndroidManifest.xml:14:226-282
43        <meta-data
43-->src/main/AndroidManifest.xml:15:5-77
44            android:name="com.google.ar.core"
44-->src/main/AndroidManifest.xml:15:16-49
45            android:value="required" />
45-->src/main/AndroidManifest.xml:15:50-74
46        <meta-data
46-->src/main/AndroidManifest.xml:16:5-69
47            android:name="unity.splash-mode"
47-->src/main/AndroidManifest.xml:16:16-48
48            android:value="0" />
48-->src/main/AndroidManifest.xml:16:49-66
49        <meta-data
49-->src/main/AndroidManifest.xml:17:5-74
50            android:name="unity.splash-enable"
50-->src/main/AndroidManifest.xml:17:16-50
51            android:value="True" />
51-->src/main/AndroidManifest.xml:17:51-71
52        <meta-data
52-->src/main/AndroidManifest.xml:18:5-78
53            android:name="unity.launch-fullscreen"
53-->src/main/AndroidManifest.xml:18:16-54
54            android:value="True" />
54-->src/main/AndroidManifest.xml:18:55-75
55        <meta-data
55-->src/main/AndroidManifest.xml:19:5-84
56            android:name="unity.render-outside-safearea"
56-->src/main/AndroidManifest.xml:19:16-60
57            android:value="True" />
57-->src/main/AndroidManifest.xml:19:61-81
58        <meta-data
58-->src/main/AndroidManifest.xml:20:5-81
59            android:name="notch.config"
59-->src/main/AndroidManifest.xml:20:16-43
60            android:value="portrait|landscape" />
60-->src/main/AndroidManifest.xml:20:44-78
61        <meta-data
61-->src/main/AndroidManifest.xml:21:5-84
62            android:name="unity.auto-report-fully-drawn"
62-->src/main/AndroidManifest.xml:21:16-60
63            android:value="true" />
63-->src/main/AndroidManifest.xml:21:61-81
64
65        <activity
65-->src/main/AndroidManifest.xml:22:5-28:16
66            android:name="com.unity3d.player.UnityPlayerActivity"
66-->src/main/AndroidManifest.xml:22:15-68
67            android:configChanges="mcc|mnc|locale|touchscreen|keyboard|keyboardHidden|navigation|orientation|screenLayout|uiMode|screenSize|smallestScreenSize|fontScale|layoutDirection|density"
67-->src/main/AndroidManifest.xml:22:213-394
68            android:exported="true"
68-->src/main/AndroidManifest.xml:22:466-489
69            android:hardwareAccelerated="false"
69-->src/main/AndroidManifest.xml:22:430-465
70            android:label="@string/app_name"
70-->src/main/AndroidManifest.xml:22:69-101
71            android:launchMode="singleTask"
71-->src/main/AndroidManifest.xml:22:181-212
72            android:resizeableActivity="false"
72-->src/main/AndroidManifest.xml:22:395-429
73            android:screenOrientation="fullUser"
73-->src/main/AndroidManifest.xml:22:144-180
74            android:theme="@style/UnityThemeSelector" >
74-->src/main/AndroidManifest.xml:22:102-143
75            <intent-filter>
75-->src/main/AndroidManifest.xml:23:7-26:23
76                <category android:name="android.intent.category.LAUNCHER" />
76-->src/main/AndroidManifest.xml:24:9-69
76-->src/main/AndroidManifest.xml:24:19-66
77
78                <action android:name="android.intent.action.MAIN" />
78-->src/main/AndroidManifest.xml:25:9-61
78-->src/main/AndroidManifest.xml:25:17-58
79            </intent-filter>
80
81            <meta-data
81-->src/main/AndroidManifest.xml:27:7-70
82                android:name="notch_support"
82-->src/main/AndroidManifest.xml:27:18-46
83                android:value="true" />
83-->src/main/AndroidManifest.xml:27:47-67
84        </activity>
85
86        <meta-data
86-->src/main/AndroidManifest.xml:29:5-88
87            android:name="unityplayer.SkipPermissionsDialog"
87-->src/main/AndroidManifest.xml:29:16-64
88            android:value="true" />
88-->src/main/AndroidManifest.xml:29:65-85
89    </application>
90
91</manifest>